Using pre-set license
Built from '6000.1/staging' branch; Version is '6000.1.13f1 (418bd0acaa6b) revision 4295632'; Using compiler version '194234433'; Build Type 'Release'
OS: 'Windows 11  (10.0.26100) 64bit Core' Language: 'en' Physical Memory: 32556 MB
BatchMode: 1, IsHumanControllingUs: 0, StartBugReporterOnCrash: 0, Is64bit: 1, IsPro: 1
Date: 2025-11-27T05:53:40Z

COMMAND LINE ARGUMENTS:
C:\Program Files\Unity\Hub\Editor\6000.1.13f1\Editor\Unity.exe
-adb2
-batchMode
-noUpm
-name
AssetImportWorker0
-projectPath
C:/Users/th3no/OneDrive/Documentos/GitHub/Juego-Voxeles/VoxelesSurvival
-logFile
Logs/AssetImportWorker0.log
-srvPort
60408
-job-worker-count
15
-background-job-worker-count
8
-gc-helper-count
1
-name
AssetImport
Successfully changed project path to: C:/Users/th3no/OneDrive/Documentos/GitHub/Juego-Voxeles/VoxelesSurvival
C:/Users/th3no/OneDrive/Documentos/GitHub/Juego-Voxeles/VoxelesSurvival
[UnityMemory] Configuration Parameters - Can be set up in boot.config
    "memorysetup-allocator-temp-initial-block-size-main=262144"
    "memorysetup-allocator-temp-initial-block-size-worker=262144"
    "memorysetup-bucket-allocator-granularity=16"
    "memorysetup-bucket-allocator-bucket-count=8"
    "memorysetup-bucket-allocator-block-size=33554432"
    "memorysetup-bucket-allocator-block-count=8"
    "memorysetup-main-allocator-block-size=16777216"
    "memorysetup-thread-allocator-block-size=16777216"
    "memorysetup-gfx-main-allocator-block-size=16777216"
    "memorysetup-gfx-thread-allocator-block-size=16777216"
    "memorysetup-cache-allocator-block-size=4194304"
    "memorysetup-typetree-allocator-block-size=2097152"
    "memorysetup-profiler-bucket-allocator-granularity=16"
    "memorysetup-profiler-bucket-allocator-bucket-count=8"
    "memorysetup-profiler-bucket-allocator-block-size=33554432"
    "memorysetup-profiler-bucket-allocator-block-count=8"
    "memorysetup-profiler-allocator-block-size=16777216"
    "memorysetup-profiler-editor-allocator-block-size=1048576"
    "memorysetup-temp-allocator-size-main=16777216"
    "memorysetup-job-temp-allocator-block-size=2097152"
    "memorysetup-job-temp-allocator-block-size-background=1048576"
    "memorysetup-job-temp-allocator-reduction-small-platforms=262144"
    "memorysetup-temp-allocator-size-background-worker=32768"
    "memorysetup-temp-allocator-size-job-worker=262144"
    "memorysetup-temp-allocator-size-preload-manager=33554432"
    "memorysetup-temp-allocator-size-nav-mesh-worker=65536"
    "memorysetup-temp-allocator-size-audio-worker=65536"
    "memorysetup-temp-allocator-size-cloud-worker=32768"
    "memorysetup-temp-allocator-size-gi-baking-worker=262144"
    "memorysetup-temp-allocator-size-gi-baking-worker=262144"
    "memorysetup-temp-allocator-size-gi-baking-worker=262144"
    "memorysetup-temp-allocator-size-gi-baking-worker=262144"
    "memorysetup-temp-allocator-size-gi-baking-worker=262144"
    "memorysetup-temp-allocator-size-gfx=262144"
Player connection [29056]  Target information:

Player connection [29056]  * "[IP] 192.168.100.12 [Port] 0 [Flags] 2 [Guid] 1960768363 [EditorId] 1960768363 [Version] 1048832 [Id] WindowsEditor(7,Santiago) [Debug] 1 [PackageName] WindowsEditor [ProjectName] Editor" 

Player connection [29056] Host joined multi-casting on [225.0.0.222:54997]...
Player connection [29056] Host joined alternative multi-casting on [225.0.0.222:34997]...
JobSystem: Creating JobQueue using job-worker-count value 15
Input System module state changed to: Initialized.
[Physics::Module] Initialized fallback backend.
[Physics::Module] Id: 0xdecafbad
Library Redirect Path: Library/
[Physics::Module] Selected backend.
[Physics::Module] Name: PhysX
[Physics::Module] Id: 0xf2b8ea05
[Physics::Module] SDK Version: 4.1.2
[Physics::Module] Integration Version: 1.0.0
[Physics::Module] Threading Mode: Multi-Threaded
Refreshing native plugins compatible for Editor in 2.79 ms, found 3 plugins.
Preloading 0 native plugins for Editor in 0.00 ms.
Initialize engine version: 6000.1.13f1 (418bd0acaa6b)
[Subsystems] Discovering subsystems at path C:/Program Files/Unity/Hub/Editor/6000.1.13f1/Editor/Data/Resources/UnitySubsystems
[Subsystems] Discovering subsystems at path C:/Users/th3no/OneDrive/Documentos/GitHub/Juego-Voxeles/VoxelesSurvival/Assets
GfxDevice: creating device client; kGfxThreadingModeNonThreaded
Direct3D:
    Version:         Direct3D 12 [level 12.1]
    Renderer:        NVIDIA GeForce RTX 4070 Ti (ID=0x2782)
    Vendor:          NVIDIA
    VRAM:            11996 MB
    App VRAM Budget: 11228 MB
    Driver:          32.0.15.8180
Initialize mono
Mono path[0] = 'C:/Program Files/Unity/Hub/Editor/6000.1.13f1/Editor/Data/Managed'
Mono path[1] = 'C:/Program Files/Unity/Hub/Editor/6000.1.13f1/Editor/Data/MonoBleedingEdge/lib/mono/unityjit-win32'
Mono config path = 'C:/Program Files/Unity/Hub/Editor/6000.1.13f1/Editor/Data/MonoBleedingEdge/etc'
Using monoOptions --debugger-agent=transport=dt_socket,embedding=1,server=y,suspend=n,address=127.0.0.1:56996
Begin MonoManager ReloadAssembly
Registering precompiled unity dll's ...
Register platform support module: C:/Program Files/Unity/Hub/Editor/6000.1.13f1/Editor/Data/PlaybackEngines/WindowsStandaloneSupport/UnityEditor.WindowsStandalone.Extensions.dll
Registered in 0.003077 seconds.
- Loaded All Assemblies, in  0.543 seconds
Native extension for WindowsStandalone target not found
Mono: successfully reloaded assembly
- Finished resetting the current domain, in  0.652 seconds
Domain Reload Profiling: 1192ms
	BeginReloadAssembly (199ms)
		ExecutionOrderSort (0ms)
		DisableScriptedObjects (0ms)
		BackupInstance (0ms)
		ReleaseScriptingObjects (0ms)
		CreateAndSetChildDomain (1ms)
	RebuildCommonClasses (57ms)
	RebuildNativeTypeToScriptingClass (13ms)
	initialDomainReloadingComplete (65ms)
	LoadAllAssembliesAndSetupDomain (205ms)
		LoadAssemblies (192ms)
		RebuildTransferFunctionScriptingTraits (0ms)
		AnalyzeDomain (204ms)
			TypeCache.Refresh (202ms)
				TypeCache.ScanAssembly (184ms)
			BuildScriptInfoCaches (0ms)
			ResolveRequiredComponents (0ms)
	FinalizeReload (652ms)
		ReleaseScriptCaches (0ms)
		RebuildScriptCaches (0ms)
		SetupLoadedEditorAssemblies (588ms)
			LogAssemblyErrors (0ms)
			InitializePlatformSupportModulesInManaged (63ms)
			SetLoadedEditorAssemblies (6ms)
			BeforeProcessingInitializeOnLoad (131ms)
			ProcessInitializeOnLoadAttributes (235ms)
			ProcessInitializeOnLoadMethodAttributes (152ms)
			AfterProcessingInitializeOnLoad (0ms)
			EditorAssembliesLoaded (0ms)
		ExecutionOrderSort2 (0ms)
		AwakeInstancesAfterBackupRestoration (0ms)
========================================================================
Worker process is ready to serve import requests
Import Worker Mode flag is 0x00
Begin MonoManager ReloadAssembly
- Loaded All Assemblies, in  1.267 seconds
Assertion failed on expression: 'IsFileCreated(assemblyPath)'
Assertion failed on expression: 'IsFileCreated(assemblyPath)'
Compilation Pipeline: Could not read file Packages/com.unity.collab-proxy/Editor/Toolbar/Unity.CollabProxy.Editor.asmdef
Fatal Error! Compilation Pipeline: Could not read file Packages/com.unity.collab-proxy/Editor/Toolbar/Unity.CollabProxy.Editor.asmdef
Crash!!!
SymInit: Symbol-SearchPath: 'C:/Program Files/Unity/Hub/Editor/6000.1.13f1/Editor/Data/Mono;.;C:\Users\th3no\OneDrive\Documentos\GitHub\Juego-Voxeles\VoxelesSurvival;C:\Users\th3no\OneDrive\Documentos\GitHub\Juego-Voxeles\VoxelesSurvival\Library\BurstCache\JIT;C:\Program Files\Unity\Hub\Editor\6000.1.13f1\Editor;C:\WINDOWS;C:\WINDOWS\system32;', symOptions: 534, UserName: 'th3no'
OS-Version: 10.0.0
C:\Program Files\Unity\Hub\Editor\6000.1.13f1\Editor\Unity.exe:Unity.exe (00007FF6D9790000), size: 290816 (result: 0), SymType: '-deferred-', PDB: '', fileVersion: 6000.1.13.35792
C:\WINDOWS\SYSTEM32\ntdll.dll:ntdll.dll (00007FFB06B00000), size: 2523136 (result: 0), SymType: '-deferred-', PDB: '', fileVersion: 10.0.26100.7019
C:\WINDOWS\System32\KERNEL32.DLL:KERNEL32.DLL (00007FFB05130000), size: 823296 (result: 0), SymType: '-deferred-', PDB: '', fileVersion: 10.0.26100.7019
C:\WINDOWS\System32\KERNELBASE.dll:KERNELBASE.dll (00007FFB03C50000), size: 4161536 (result: 0), SymType: '-deferred-', PDB: '', fileVersion: 10.0.26100.7171
C:\WINDOWS\System32\USER32.dll:USER32.dll (00007FFB04DB0000), size: 1863680 (result: 0), SymType: '-deferred-', PDB: '', fileVersion: 10.0.26100.7171
C:\WINDOWS\System32\win32u.dll:win32u.dll (00007FFB042E0000), size: 159744 (result: 0), SymType: '-deferred-', PDB: '', fileVersion: 10.0.26100.7171
C:\WINDOWS\System32\GDI32.dll:GDI32.dll (00007FFB05100000), size: 176128 (result: 0), SymType: '-deferred-', PDB: '', fileVersion: 10.0.26100.7019
C:\WINDOWS\System32\gdi32full.dll:gdi32full.dll (00007FFB046C0000), size: 1228800 (result: 0), SymType: '-deferred-', PDB: '', fileVersion: 10.0.26100.7019
C:\WINDOWS\System32\msvcp_win.dll:msvcp_win.dll (00007FFB04230000), size: 667648 (result: 0), SymType: '-deferred-', PDB: '', fileVersion: 10.0.26100.7019
C:\WINDOWS\System32\ucrtbase.dll:ucrtbase.dll (00007FFB040E0000), size: 1355776 (result: 0), SymType: '-deferred-', PDB: '', fileVersion: 10.0.26100.7019
C:\WINDOWS\System32\IMM32.DLL:IMM32.DLL (00007FFB05060000), size: 200704 (result: 0), SymType: '-deferred-', PDB: '', fileVersion: 10.0.26100.7019
C:\Program Files\Unity\Hub\Editor\6000.1.13f1\Editor\Unity.dll:Unity.dll (00007FFA2FB70000), size: 86974464 (result: 0), SymType: '-deferred-', PDB: '', fileVersion: 6000.1.13.35792
C:\WINDOWS\System32\CRYPT32.dll:CRYPT32.dll (00007FFB04310000), size: 1536000 (result: 0), SymType: '-deferred-', PDB: '', fileVersion: 10.0.26100.7019
C:\WINDOWS\System32\ADVAPI32.dll:ADVAPI32.dll (00007FFB04CF0000), size: 737280 (result: 0), SymType: '-deferred-', PDB: '', fileVersion: 10.0.26100.7019
C:\WINDOWS\System32\msvcrt.dll:msvcrt.dll (00007FFB04AA0000), size: 692224 (result: 0), SymType: '-deferred-', PDB: '', fileVersion: 7.0.26100.7019
C:\WINDOWS\System32\sechost.dll:sechost.dll (00007FFB06980000), size: 679936 (result: 0), SymType: '-deferred-', PDB: '', fileVersion: 10.0.26100.7019
C:\WINDOWS\System32\RPCRT4.dll:RPCRT4.dll (00007FFB05860000), size: 1146880 (result: 0), SymType: '-deferred-', PDB: '', fileVersion: 10.0.26100.7019
C:\Program Files\Unity\Hub\Editor\6000.1.13f1\Editor\libfbxsdk.dll:libfbxsdk.dll (00007FFA45A80000), size: 8019968 (result: 0), SymType: '-deferred-', PDB: '', fileVersion: 2020.3.7.0
C:\WINDOWS\System32\ole32.dll:ole32.dll (00007FFB04B50000), size: 1667072 (result: 0), SymType: '-deferred-', PDB: '', fileVersion: 10.0.26100.7019
C:\Program Files\Unity\Hub\Editor\6000.1.13f1\Editor\s3tcompress.dll:s3tcompress.dll (00007FFAF7150000), size: 180224 (result: 0), SymType: '-deferred-', PDB: ''
C:\Program Files\Unity\Hub\Editor\6000.1.13f1\Editor\ispc_texcomp.dll:ispc_texcomp.dll (00007FFAB8470000), size: 1826816 (result: 0), SymType: '-deferred-', PDB: ''
C:\Program Files\Unity\Hub\Editor\6000.1.13f1\Editor\etccompress.dll:etccompress.dll (00007FFA36EE0000), size: 5070848 (result: 0), SymType: '-deferred-', PDB: ''
C:\WINDOWS\System32\combase.dll:combase.dll (00007FFB054C0000), size: 3715072 (result: 0), SymType: '-deferred-', PDB: '', fileVersion: 10.0.26100.7019
C:\Program Files\Unity\Hub\Editor\6000.1.13f1\Editor\compress_bc7e.dll:compress_bc7e.dll (00007FFA69970000), size: 1433600 (result: 0), SymType: '-deferred-', PDB: ''
C:\WINDOWS\System32\SETUPAPI.dll:SETUPAPI.dll (00007FFB063E0000), size: 4759552 (result: 0), SymType: '-deferred-', PDB: '', fileVersion: 10.0.26100.7019
C:\Program Files\Unity\Hub\Editor\6000.1.13f1\Editor\WinPixEventRuntime.dll:WinPixEventRuntime.dll (00007FFB00D60000), size: 53248 (result: 0), SymType: '-deferred-', PDB: '', fileVersion: 1.0.2201.24001
C:\Program Files\Unity\Hub\Editor\6000.1.13f1\Editor\FreeImage.dll:FreeImage.dll (0000000180000000), size: 5783552 (result: 0), SymType: '-deferred-', PDB: '', fileVersion: 3.18.0.0
C:\WINDOWS\System32\SHELL32.dll:SHELL32.dll (00007FFB05B70000), size: 7663616 (result: 0), SymType: '-deferred-', PDB: '', fileVersion: 10.0.26100.7171
C:\WINDOWS\System32\WS2_32.dll:WS2_32.dll (00007FFB05340000), size: 475136 (result: 0), SymType: '-deferred-', PDB: '', fileVersion: 10.0.26100.7019
C:\WINDOWS\System32\wintypes.dll:wintypes.dll (00007FFB04550000), size: 1486848 (result: 0), SymType: '-deferred-', PDB: '', fileVersion: 10.0.26100.7019
C:\WINDOWS\System32\SHLWAPI.dll:SHLWAPI.dll (00007FFB06870000), size: 421888 (result: 0), SymType: '-deferred-', PDB: '', fileVersion: 10.0.26100.7019
C:\WINDOWS\WinSxS\amd64_microsoft.windows.common-controls_6595b64144ccf1df_6.0.26100.7019_none_3e06ffa0e335b8a8\COMCTL32.dll:COMCTL32.dll (00007FFAE0E80000), size: 2703360 (result: 0), SymType: '-deferred-', PDB: '', fileVersion: 6.10.26100.7019
C:\WINDOWS\System32\OLEAUT32.dll:OLEAUT32.dll (00007FFB04F80000), size: 880640 (result: 0), SymType: '-deferred-', PDB: '', fileVersion: 10.0.26100.7019
C:\WINDOWS\SYSTEM32\d3d11.dll:d3d11.dll (00007FFB00110000), size: 2498560 (result: 0), SymType: '-deferred-', PDB: '', fileVersion: 10.0.26100.7019
C:\WINDOWS\SYSTEM32\bcrypt.dll:bcrypt.dll (00007FFB03B40000), size: 172032 (result: 0), SymType: '-deferred-', PDB: '', fileVersion: 10.0.26100.7019
C:\WINDOWS\System32\WINTRUST.dll:WINTRUST.dll (00007FFB04050000), size: 520192 (result: 0), SymType: '-deferred-', PDB: '', fileVersion: 10.0.26100.7019
C:\WINDOWS\SYSTEM32\d3d12.dll:d3d12.dll (00007FFAE4990000), size: 143360 (result: 0), SymType: '-deferred-', PDB: '', fileVersion: 10.0.26100.7019
C:\WINDOWS\SYSTEM32\dwmapi.dll:dwmapi.dll (00007FFB011A0000), size: 196608 (result: 0), SymType: '-deferred-', PDB: '', fileVersion: 10.0.26100.7019
C:\Program Files\Unity\Hub\Editor\6000.1.13f1\Editor\umbraoptimizer64.dll:umbraoptimizer64.dll (00007FFA45950000), size: 1187840 (result: 0), SymType: '-deferred-', PDB: ''
C:\WINDOWS\SYSTEM32\dxgi.dll:dxgi.dll (00007FFB00FF0000), size: 1282048 (result: 0), SymType: '-deferred-', PDB: '', fileVersion: 10.0.26100.7019
C:\WINDOWS\SYSTEM32\HID.DLL:HID.DLL (00007FFB020C0000), size: 61440 (result: 0), SymType: '-deferred-', PDB: '', fileVersion: 10.0.26100.1150
C:\WINDOWS\SYSTEM32\IPHLPAPI.DLL:IPHLPAPI.DLL (00007FFB02530000), size: 212992 (result: 0), SymType: '-deferred-', PDB: '', fileVersion: 10.0.26100.7019
C:\WINDOWS\SYSTEM32\MSVCP140.dll:MSVCP140.dll (00007FFAEAAF0000), size: 561152 (result: 0), SymType: '-deferred-', PDB: '', fileVersion: 14.44.35211.0
C:\WINDOWS\SYSTEM32\VCRUNTIME140_1.dll:VCRUNTIME140_1.dll (00007FFAEABE0000), size: 49152 (result: 0), SymType: '-deferred-', PDB: '', fileVersion: 14.44.35211.0
C:\WINDOWS\SYSTEM32\VCRUNTIME140.dll:VCRUNTIME140.dll (00007FFAEABB0000), size: 122880 (result: 0), SymType: '-deferred-', PDB: '', fileVersion: 14.44.35211.0
C:\WINDOWS\SYSTEM32\OPENGL32.dll:OPENGL32.dll (00007FFA8DB80000), size: 1097728 (result: 0), SymType: '-deferred-', PDB: '', fileVersion: 10.0.26100.7019
C:\WINDOWS\SYSTEM32\WINHTTP.dll:WINHTTP.dll (00007FFAF7B30000), size: 1212416 (result: 0), SymType: '-deferred-', PDB: '', fileVersion: 10.0.26100.7019
C:\WINDOWS\SYSTEM32\WINMM.dll:WINMM.dll (00007FFAF7870000), size: 217088 (result: 0), SymType: '-deferred-', PDB: '', fileVersion: 10.0.26100.7019
C:\Program Files\Unity\Hub\Editor\6000.1.13f1\Editor\SketchUpAPI.dll:SketchUpAPI.dll (00007FFA35A60000), size: 8990720 (result: 0), SymType: '-deferred-', PDB: '', fileVersion: 23.0.0.0
C:\Program Files\Unity\Hub\Editor\6000.1.13f1\Editor\NativeProxyHelper.dll:NativeProxyHelper.dll (00007FFA3C8A0000), size: 1789952 (result: 0), SymType: '-deferred-', PDB: ''
C:\WINDOWS\SYSTEM32\VERSION.dll:VERSION.dll (00007FFAFD130000), size: 45056 (result: 0), SymType: '-deferred-', PDB: '', fileVersion: 10.0.26100.1150
C:\WINDOWS\SYSTEM32\GLU32.dll:GLU32.dll (00007FFA8DB50000), size: 184320 (result: 0), SymType: '-deferred-', PDB: '', fileVersion: 10.0.26100.1150
C:\WINDOWS\SYSTEM32\WSOCK32.dll:WSOCK32.dll (00007FFAE9370000), size: 40960 (result: 0), SymType: '-deferred-', PDB: '', fileVersion: 10.0.26100.1
C:\WINDOWS\SYSTEM32\powrprof.dll:powrprof.dll (00007FFB03510000), size: 385024 (result: 0), SymType: '-deferred-', PDB: '', fileVersion: 10.0.26100.3912
C:\Program Files\Unity\Hub\Editor\6000.1.13f1\Editor\SketchUpCommonPreferences.dll:SketchUpCommonPreferences.dll (00007FFAB8830000), size: 499712 (result: 0), SymType: '-deferred-', PDB: '', fileVersion: 23.0.0.0
C:\WINDOWS\SYSTEM32\Secur32.dll:Secur32.dll (00007FFB00DB0000), size: 53248 (result: 0), SymType: '-deferred-', PDB: '', fileVersion: 10.0.26100.1
C:\WINDOWS\SYSTEM32\dxcore.dll:dxcore.dll (00007FFB01150000), size: 274432 (result: 0), SymType: '-deferred-', PDB: '', fileVersion: 10.0.26100.7019
C:\WINDOWS\SYSTEM32\SSPICLI.DLL:SSPICLI.DLL (00007FFB02CB0000), size: 299008 (result: 0), SymType: '-deferred-', PDB: '', fileVersion: 10.0.26100.7019
C:\Program Files\Unity\Hub\Editor\6000.1.13f1\Editor\OpenRL.dll:OpenRL.dll (000002CC999C0000), size: 12779520 (result: 0), SymType: '-deferred-', PDB: '', fileVersion: 1.5.0.2907
C:\WINDOWS\SYSTEM32\MSVCP100.dll:MSVCP100.dll (000000005A980000), size: 622592 (result: 0), SymType: '-deferred-', PDB: '', fileVersion: 10.0.40219.325
C:\WINDOWS\SYSTEM32\MSVCR100.dll:MSVCR100.dll (000000005AA20000), size: 860160 (result: 0), SymType: '-deferred-', PDB: '', fileVersion: 10.0.40219.325
C:\Program Files\Unity\Hub\Editor\6000.1.13f1\Editor\embree.dll:embree.dll (00007FFA2EB80000), size: 16711680 (result: 0), SymType: '-deferred-', PDB: '', fileVersion: 2.14.0.0
C:\WINDOWS\SYSTEM32\cfgmgr32.DLL:cfgmgr32.DLL (00007FFB03910000), size: 356352 (result: 0), SymType: '-deferred-', PDB: '', fileVersion: 10.0.26100.7019
C:\Program Files\Unity\Hub\Editor\6000.1.13f1\Editor\tbb.dll:tbb.dll (00007FFAF7090000), size: 303104 (result: 0), SymType: '-deferred-', PDB: '', fileVersion: 2020.3.2022.1111
C:\WINDOWS\SYSTEM32\MSWSOCK.DLL:MSWSOCK.DLL (00007FFB02F80000), size: 438272 (result: 0), SymType: '-deferred-', PDB: '', fileVersion: 10.0.26100.7019
C:\Program Files\Unity\Hub\Editor\6000.1.13f1\Editor\OpenRL_pthread.dll:OpenRL_pthread.dll (000002CC98300000), size: 61440 (result: 0), SymType: '-deferred-', PDB: '', fileVersion: 2.9.0.0
C:\WINDOWS\SYSTEM32\UMPDC.dll:UMPDC.dll (00007FFB034A0000), size: 81920 (result: 0), SymType: '-deferred-', PDB: '', fileVersion: 10.0.26100.7019
C:\WINDOWS\SYSTEM32\MSASN1.dll:MSASN1.dll (00007FFB03320000), size: 77824 (result: 0), SymType: '-deferred-', PDB: '', fileVersion: 10.0.26100.7019
C:\WINDOWS\System32\bcryptprimitives.dll:bcryptprimitives.dll (00007FFB047F0000), size: 675840 (result: 0), SymType: '-deferred-', PDB: '', fileVersion: 10.0.26100.7019
C:\WINDOWS\SYSTEM32\kernel.appcore.dll:kernel.appcore.dll (00007FFB02A10000), size: 110592 (result: 0), SymType: '-deferred-', PDB: '', fileVersion: 10.0.26100.7019
C:\WINDOWS\system32\uxtheme.dll:uxtheme.dll (00007FFB00ED0000), size: 696320 (result: 0), SymType: '-deferred-', PDB: '', fileVersion: 10.0.26100.7019
C:\WINDOWS\SYSTEM32\windows.storage.dll:windows.storage.dll (00007FFB01860000), size: 8769536 (result: 0), SymType: '-deferred-', PDB: '', fileVersion: 10.0.26100.7171
C:\WINDOWS\System32\SHCORE.dll:SHCORE.dll (00007FFB053C0000), size: 991232 (result: 0), SymType: '-deferred-', PDB: '', fileVersion: 10.0.26100.7171
C:\WINDOWS\SYSTEM32\profapi.dll:profapi.dll (00007FFB03B70000), size: 167936 (result: 0), SymType: '-deferred-', PDB: '', fileVersion: 10.0.26100.7019
C:\WINDOWS\system32\IconCodecService.dll:IconCodecService.dll (00007FFAEABD0000), size: 45056 (result: 0), SymType: '-deferred-', PDB: '', fileVersion: 10.0.26100.1
C:\WINDOWS\SYSTEM32\WindowsCodecs.dll:WindowsCodecs.dll (00007FFAFF560000), size: 2293760 (result: 0), SymType: '-deferred-', PDB: '', fileVersion: 10.0.26100.7019
C:\WINDOWS\System32\clbcatq.dll:clbcatq.dll (00007FFB05200000), size: 720896 (result: 0), SymType: '-deferred-', PDB: '', fileVersion: 2001.12.10941.16384
C:\WINDOWS\System32\netprofm.dll:netprofm.dll (00007FFAFD0B0000), size: 450560 (result: 0), SymType: '-deferred-', PDB: '', fileVersion: 10.0.26100.7019
C:\WINDOWS\System32\NSI.dll:NSI.dll (00007FFB050F0000), size: 40960 (result: 0), SymType: '-deferred-', PDB: '', fileVersion: 10.0.26100.7019
C:\WINDOWS\SYSTEM32\dhcpcsvc6.DLL:dhcpcsvc6.DLL (00007FFAF7B00000), size: 122880 (result: 0), SymType: '-deferred-', PDB: '', fileVersion: 10.0.26100.7171
C:\WINDOWS\SYSTEM32\dhcpcsvc.DLL:dhcpcsvc.DLL (00007FFAF7AD0000), size: 143360 (result: 0), SymType: '-deferred-', PDB: '', fileVersion: 10.0.26100.7171
C:\WINDOWS\SYSTEM32\DNSAPI.dll:DNSAPI.dll (00007FFB02590000), size: 1228800 (result: 0), SymType: '-deferred-', PDB: '', fileVersion: 10.0.26100.7019
C:\WINDOWS\System32\npmproxy.dll:npmproxy.dll (00007FFAF0F40000), size: 102400 (result: 0), SymType: '-deferred-', PDB: '', fileVersion: 10.0.26100.1150
C:\WINDOWS\system32\napinsp.dll:napinsp.dll (00007FFAE1650000), size: 98304 (result: 0), SymType: '-deferred-', PDB: '', fileVersion: 10.0.26100.1150
C:\WINDOWS\System32\winrnr.dll:winrnr.dll (00007FFAE09C0000), size: 73728 (result: 0), SymType: '-deferred-', PDB: '', fileVersion: 10.0.26100.1882
C:\WINDOWS\system32\nlansp_c.dll:nlansp_c.dll (00007FFAAA910000), size: 139264 (result: 0), SymType: '-deferred-', PDB: '', fileVersion: 10.0.26100.7019
C:\WINDOWS\system32\wshbth.dll:wshbth.dll (00007FFAFBCD0000), size: 90112 (result: 0), SymType: '-deferred-', PDB: '', fileVersion: 10.0.26100.5074
C:\Program Files\Bonjour\mdnsNSP.dll:mdnsNSP.dll (000000005BE80000), size: 155648 (result: 0), SymType: '-deferred-', PDB: '', fileVersion: 3.0.0.10
C:\WINDOWS\System32\fwpuclnt.dll:fwpuclnt.dll (00007FFAF7730000), size: 548864 (result: 0), SymType: '-deferred-', PDB: '', fileVersion: 10.0.26100.7019
C:\Windows\System32\rasadhlp.dll:rasadhlp.dll (00007FFAEEDE0000), size: 45056 (result: 0), SymType: '-deferred-', PDB: '', fileVersion: 10.0.26100.7171
C:\Program Files\Unity\Hub\Editor\6000.1.13f1\Editor\AMDUnityPlugin.DLL:AMDUnityPlugin.DLL (00007FFA2E310000), size: 8826880 (result: 0), SymType: '-deferred-', PDB: ''
C:\Program Files\Unity\Hub\Editor\6000.1.13f1\Editor\NVUnityPlugin.DLL:NVUnityPlugin.DLL (00007FFA36D50000), size: 1605632 (result: 0), SymType: '-deferred-', PDB: ''
C:\Program Files\Unity\Hub\Editor\6000.1.13f1\Editor\Data\Tools\astcenc-avx2.dll:astcenc-avx2.dll (00007FFAB8410000), size: 352256 (result: 0), SymType: '-deferred-', PDB: ''
C:\WINDOWS\System32\MMDevApi.dll:MMDevApi.dll (00007FFAFCDC0000), size: 618496 (result: 0), SymType: '-deferred-', PDB: '', fileVersion: 10.0.26100.7019
C:\WINDOWS\System32\DEVOBJ.dll:DEVOBJ.dll (00007FFB038C0000), size: 184320 (result: 0), SymType: '-deferred-', PDB: '', fileVersion: 10.0.26100.1150
C:\WINDOWS\SYSTEM32\directxdatabasehelper.dll:directxdatabasehelper.dll (00007FFAFE570000), size: 405504 (result: 0), SymType: '-deferred-', PDB: '', fileVersion: 10.0.26100.7019
C:\WINDOWS\SYSTEM32\D3D12Core.dll:D3D12Core.dll (00007FFAA84C0000), size: 3506176 (result: 0), SymType: '-deferred-', PDB: '', fileVersion: 10.0.26100.7019
C:\WINDOWS\System32\DriverStore\FileRepository\nv_dispi.inf_amd64_20ae8f14a487d5db\nvldumdx.dll:nvldumdx.dll (00007FFAFD190000), size: 802816 (result: 0), SymType: '-deferred-', PDB: '', fileVersion: 32.0.15.8180
C:\WINDOWS\SYSTEM32\cryptnet.dll:cryptnet.dll (00007FFAFCFE0000), size: 241664 (result: 0), SymType: '-deferred-', PDB: '', fileVersion: 10.0.26100.7019
C:\WINDOWS\SYSTEM32\cryptbase.dll:cryptbase.dll (00007FFB032D0000), size: 49152 (result: 0), SymType: '-deferred-', PDB: '', fileVersion: 10.0.26100.7019
C:\WINDOWS\SYSTEM32\wldp.dll:wldp.dll (00007FFB033B0000), size: 413696 (result: 0), SymType: '-deferred-', PDB: '', fileVersion: 10.0.26100.7019
C:\WINDOWS\SYSTEM32\drvstore.dll:drvstore.dll (00007FFAFCE60000), size: 1552384 (result: 0), SymType: '-deferred-', PDB: '', fileVersion: 10.0.26100.7019
C:\WINDOWS\System32\imagehlp.dll:imagehlp.dll (00007FFB04A70000), size: 131072 (result: 0), SymType: '-deferred-', PDB: '', fileVersion: 10.0.26100.4202
C:\WINDOWS\SYSTEM32\CRYPTSP.dll:CRYPTSP.dll (00007FFB032B0000), size: 110592 (result: 0), SymType: '-deferred-', PDB: '', fileVersion: 10.0.26100.7019
C:\WINDOWS\system32\rsaenh.dll:rsaenh.dll (00007FFB02970000), size: 237568 (result: 0), SymType: '-deferred-', PDB: '', fileVersion: 10.0.26100.7019
C:\WINDOWS\System32\DriverStore\FileRepository\nv_dispi.inf_amd64_20ae8f14a487d5db\nvgpucomp64.dll:nvgpucomp64.dll (00007FFAF7F30000), size: 64569344 (result: 0), SymType: '-deferred-', PDB: '', fileVersion: 32.0.15.8180
C:\WINDOWS\System32\DriverStore\FileRepository\nv_dispi.inf_amd64_20ae8f14a487d5db\Display.NvContainer\NvMessageBus.dll:NvMessageBus.dll (00007FFAEC220000), size: 3551232 (result: 0), SymType: '-deferred-', PDB: '', fileVersion: 3.15.3538.9611
C:\WINDOWS\System32\DriverStore\FileRepository\nv_dispi.inf_amd64_20ae8f14a487d5db\NvMemMapStoragex.dll:NvMemMapStoragex.dll (00007FFAF78B0000), size: 909312 (result: 0), SymType: '-deferred-', PDB: ''
C:\WINDOWS\System32\DriverStore\FileRepository\nv_dispi.inf_amd64_20ae8f14a487d5db\nvwgf2umx.dll:nvwgf2umx.dll (00007FFAF0F90000), size: 92491776 (result: 0), SymType: '-deferred-', PDB: '', fileVersion: 32.0.15.8180
C:\WINDOWS\system32\nvspcap64.dll:nvspcap64.dll (00007FFAD7910000), size: 1339392 (result: 0), SymType: '-deferred-', PDB: '', fileVersion: 11.0.5.420
C:\WINDOWS\SYSTEM32\ntmarta.dll:ntmarta.dll (00007FFB02B30000), size: 221184 (result: 0), SymType: '-deferred-', PDB: '', fileVersion: 10.0.26100.7019
C:\WINDOWS\System32\DriverStore\FileRepository\nv_dispi.inf_amd64_20ae8f14a487d5db\nvppex.dll:nvppex.dll (00007FFAAD9D0000), size: 1798144 (result: 0), SymType: '-deferred-', PDB: '', fileVersion: 32.0.15.8180
C:\WINDOWS\SYSTEM32\D3DSCache.dll:D3DSCache.dll (00007FFA76F10000), size: 937984 (result: 0), SymType: '-deferred-', PDB: '', fileVersion: 10.0.26100.7019
C:\WINDOWS\SYSTEM32\USERENV.dll:USERENV.dll (00007FFB03030000), size: 176128 (result: 0), SymType: '-deferred-', PDB: '', fileVersion: 10.0.26100.7019
C:\Program Files\Unity\Hub\Editor\6000.1.13f1\Editor\DirectML.dll:DirectML.dll (00007FFA2CBC0000), size: 14061568 (result: 0), SymType: '-deferred-', PDB: '', fileVersion: 1.13.1.0
C:\WINDOWS\SYSTEM32\DXGIDebug.dll:DXGIDebug.dll (00007FFAF6EF0000), size: 151552 (result: 0), SymType: '-deferred-', PDB: '', fileVersion: 10.0.26100.1882
C:\WINDOWS\SYSTEM32\d3d11on12.dll:d3d11on12.dll (00007FFAB43A0000), size: 696320 (result: 0), SymType: '-deferred-', PDB: '', fileVersion: 10.0.26100.7019
C:\WINDOWS\SYSTEM32\opencl.dll:opencl.dll (00007FFA77180000), size: 483328 (result: 0), SymType: '-deferred-', PDB: '', fileVersion: 3.0.6.0
C:\Program Files\Unity\Hub\Editor\6000.1.13f1\Editor\radeonrays.dll:radeonrays.dll (00007FFAD9EE0000), size: 344064 (result: 0), SymType: '-deferred-', PDB: ''
C:\Program Files\Unity\Hub\Editor\6000.1.13f1\Editor\Data\MonoBleedingEdge\EmbedRuntime\mono-2.0-bdwgc.dll:mono-2.0-bdwgc.dll (00007FFA2C170000), size: 10760192 (result: 0), SymType: '-deferred-', PDB: ''
C:\WINDOWS\SYSTEM32\dbghelp.dll:dbghelp.dll (00007FFAEDB40000), size: 2367488 (result: 0), SymType: '-deferred-', PDB: '', fileVersion: 10.0.26100.5074

========== OUTPUTTING STACK TRACE ==================

0x00007FFB03D180DA (KERNELBASE) RaiseException
0x00007FFA3173B979 (Unity) EditorMonoConsole::LogToConsoleImplementation
0x00007FFA3173C660 (Unity) EditorMonoConsole::LogToConsoleImplementation
0x00007FFA323BC2CD (Unity) DebugStringToFilePostprocessedStacktrace
0x00007FFA323BB649 (Unity) DebugStringToFile
0x00007FFA31CCF630 (Unity) RegisterAssemblyDefinition
0x00007FFA320F85A5 (Unity) ProcessAssemblyAssets
0x00007FFA320F9316 (Unity) UpdateScriptCompilationPipelineCaches
0x00007FFA3200D904 (Unity) AssetImportWorkerClient::RegisterTransientArtifacts
0x00007FFA3200DB8A (Unity) AssetImportWorkerClient::ReloadScriptingDomain
0x00007FFA31FE73EB (Unity) <lambda_d755c0d3a55a6ff840f06fa721169e07>::operator()
0x00007FFA320CDB6F (Unity) asio::detail::completion_handler<core::mutable_function<void __cdecl(void)>,asio::io_context::basic_executor_type<std::allocator<void>,0> >::do_complete
0x00007FFA320BB271 (Unity) asio::detail::win_iocp_io_context::do_one
0x00007FFA320BC57E (Unity) asio::detail::win_iocp_io_context::run
0x00007FFA320CC1AC (Unity) IOService::Run
0x00007FFA32011E38 (Unity) RunAssetImportWorkerClientV2
0x00007FFA32011EFB (Unity) RunAssetImporterV2
0x00007FFA3183E17B (Unity) Application::InitializeProject
0x00007FFA31E238E3 (Unity) UnityMain
0x00007FF6D9792F2A (Unity) __scrt_common_main_seh
0x00007FFB0515E8D7 (KERNEL32) BaseThreadInitThunk
0x00007FFB06B8C53C (ntdll) RtlUserThreadStart

========== END OF STACKTRACE ===========

A crash has been intercepted by the crash handler. For call stack and other details, see the latest crash report generated in:
 * C:/Users/th3no/AppData/Local/Temp/Unity/Editor/Crashes
